[    0.000000] Initializing cgroup subsys cpuset
[    0.000000] Initializing cgroup subsys cpu
[    0.000000] Initializing cgroup subsys cpuacct
[    0.000000] Linux version 4.4.0-75-generic (buildd@lcy01-04) (gcc version 5.4.0 20160609 (Ubuntu 5.4.0-6ubuntu1~16.04.4) ) #96-Ubuntu SMP Thu Apr 20 09:55:15 UTC 2017 (Ubuntu 4.4.0-75.96-generic 4.4.59)
[    0.000000] KERNEL supported cpus:
[    0.000000]   Intel GenuineIntel
[    0.000000]   AMD AuthenticAMD
[    0.000000]   NSC Geode by NSC
[    0.000000]   Cyrix CyrixInstead
[    0.000000]   Centaur CentaurHauls
[    0.000000]   Transmeta GenuineTMx86
[    0.000000]   Transmeta TransmetaCPU
[    0.000000]   UMC UMC UMC UMC
[    0.000000] x86/fpu: xstate_offset[2]:  576, xstate_sizes[2]:  256
[    0.000000] x86/fpu: Supporting XSAVE feature 0x01: 'x87 floating point registers'
[    0.000000] x86/fpu: Supporting XSAVE feature 0x02: 'SSE registers'
[    0.000000] x86/fpu: Supporting XSAVE feature 0x04: 'AVX registers'
[    0.000000] x86/fpu: Enabled xstate features 0x7, context size is 832 bytes, using 'standard' format.
[    0.000000] x86/fpu: Using 'lazy' FPU context switches.
[    0.000000] e820: BIOS-provided physical RAM map:
[    0.000000] BIOS-e820: [mem 0x0000000000000000-0x000000000009fbff] usable
[    0.000000] BIOS-e820: [mem 0x000000000009fc00-0x000000000009ffff] reserved
[    0.000000] BIOS-e820: [mem 0x00000000000f0000-0x00000000000fffff] reserved
[    0.000000] BIOS-e820: [mem 0x0000000000100000-0x000000003ffeffff] usable
[    0.000000] BIOS-e820: [mem 0x000000003fff0000-0x000000003fffffff] ACPI data
[    0.000000] BIOS-e820: [mem 0x00000000fec00000-0x00000000fec00fff] reserved
[    0.000000] BIOS-e820: [mem 0x00000000fee00000-0x00000000fee00fff] reserved
[    0.000000] BIOS-e820: [mem 0x00000000fffc0000-0x00000000ffffffff] reserved
[    0.000000] NX (Execute Disable) protection: active
[    0.000000] SMBIOS 2.5 present.
[    0.000000] Hypervisor detected: KVM
[    0.000000] e820: last_pfn = 0x3fff0 max_arch_pfn = 0x1000000
[    0.000000] MTRR: Disabled
[    0.000000] x86/PAT: MTRRs disabled, skipping PAT initialization too.
[    0.000000] x86/PAT: Configuration [0-7]: WB  WT  UC- UC  WB  WT  UC- UC  
[    0.000000] CPU MTRRs all blank - virtualized system.
[    0.000000] found SMP MP-table at [mem 0x0009fff0-0x0009ffff] mapped at [c009fff0]
[    0.000000] Scanning 1 areas for low memory corruption
[    0.000000] RAMDISK: [mem 0x3635e000-0x371a6fff]
[    0.000000] ACPI: Early table checksum verification disabled
[    0.000000] ACPI: RSDP 0x00000000000E0000 000024 (v02 VBOX  )
[    0.000000] ACPI: XSDT 0x000000003FFF0030 00003C (v01 VBOX   VBOXXSDT 00000001 ASL  00000061)
[    0.000000] ACPI: FACP 0x000000003FFF00F0 0000F4 (v04 VBOX   VBOXFACP 00000001 ASL  00000061)
[    0.000000] ACPI: DSDT 0x000000003FFF0470 0021C8 (v02 VBOX   VBOXBIOS 00000002 INTL 20100528)
[    0.000000] ACPI: FACS 0x000000003FFF0200 000040
[    0.000000] ACPI: FACS 0x000000003FFF0200 000040
[    0.000000] ACPI: APIC 0x000000003FFF0240 00005C (v02 VBOX   VBOXAPIC 00000001 ASL  00000061)
[    0.000000] ACPI: SSDT 0x000000003FFF02A0 0001CC (v01 VBOX   VBOXCPUT 00000002 INTL 20100528)
[    0.000000] 131MB HIGHMEM available.
[    0.000000] 891MB LOWMEM available.
[    0.000000]   mapped low ram: 0 - 37bfe000
[    0.000000]   low ram: 0 - 37bfe000
[    0.000000] kvm-clock: Using msrs 4b564d01 and 4b564d00
[    0.000000] kvm-clock: cpu 0, msr 0:37bfd001, primary cpu clock
[    0.000000] kvm-clock: using sched offset of 3425303431 cycles
[    0.000000] clocksource: kvm-clock: mask: 0xffffffffffffffff max_cycles: 0x1cd42e4dffb, max_idle_ns: 881590591483 ns
[    0.000000] Zone ranges:
[    0.000000]   DMA      [mem 0x0000000000001000-0x0000000000ffffff]
[    0.000000]   Normal   [mem 0x0000000001000000-0x0000000037bfdfff]
[    0.000000]   HighMem  [mem 0x0000000037bfe000-0x000000003ffeffff]
[    0.000000] Movable zone start for each node
[    0.000000] Early memory node ranges
[    0.000000]   node   0: [mem 0x0000000000001000-0x000000000009efff]
[    0.000000]   node   0: [mem 0x0000000000100000-0x000000003ffeffff]
[    0.000000] Initmem setup node 0 [mem 0x0000000000001000-0x000000003ffeffff]
[    0.000000] Using APIC driver default
[    0.000000] ACPI: PM-Timer IO Port: 0x4008
[    0.000000] IOAPIC[0]: apic_id 2, version 32, address 0xfec00000, GSI 0-23
[    0.000000] ACPI: INT_SRC_OVR (bus 0 bus_irq 0 global_irq 2 dfl dfl)
[    0.000000] ACPI: INT_SRC_OVR (bus 0 bus_irq 9 global_irq 9 high level)
[    0.000000] Using ACPI (MADT) for SMP configuration information
[    0.000000] smpboot: Allowing 2 CPUs, 0 hotplug CPUs
[    0.000000] PM: Registered nosave memory: [mem 0x00000000-0x00000fff]
[    0.000000] PM: Registered nosave memory: [mem 0x0009f000-0x0009ffff]
[    0.000000] PM: Registered nosave memory: [mem 0x000a0000-0x000effff]
[    0.000000] PM: Registered nosave memory: [mem 0x000f0000-0x000fffff]
[    0.000000] e820: [mem 0x40000000-0xfebfffff] available for PCI devices
[    0.000000] Booting paravirtualized kernel on KVM
[    0.000000] clocksource: refined-jiffies: mask: 0xffffffff max_cycles: 0xffffffff, max_idle_ns: 7645519600211568 ns
[    0.000000] setup_percpu: NR_CPUS:8 nr_cpumask_bits:8 nr_cpu_ids:2 nr_node_ids:1
[    0.000000] PERCPU: Embedded 19 pages/cpu @f71b0000 s47436 r0 d30388 u77824
[    0.000000] PV qspinlock hash table entries: 512 (order: 0, 4096 bytes)
[    0.000000] Built 1 zonelists in Zone order, mobility grouping on.  Total pages: 259800
[    0.000000] Kernel command line: BOOT_IMAGE=/boot/vmlinuz-4.4.0-75-generic root=LABEL=cloudimg-rootfs ro console=tty1 console=ttyS0
[    0.000000] PID hash table entries: 4096 (order: 2, 16384 bytes)
[    0.000000] Dentry cache hash table entries: 131072 (order: 7, 524288 bytes)
[    0.000000] Inode-cache hash table entries: 65536 (order: 6, 262144 bytes)
[    0.000000] Initializing CPU#0
[    0.000000] Initializing HighMem for node 0 (00037bfe:0003fff0)
[    0.000000] Initializing Movable for node 0 (00000000:00000000)
[    0.000000] Memory: 1008340K/1048120K available (7928K kernel code, 770K rwdata, 3164K rodata, 940K init, 800K bss, 39780K reserved, 0K cma-reserved, 135112K highmem)
[    0.000000] virtual kernel memory layout:
[    0.000000]     fixmap  : 0xfff15000 - 0xfffff000   ( 936 kB)
[    0.000000]     pkmap   : 0xffc00000 - 0xffe00000   (2048 kB)
[    0.000000]     vmalloc : 0xf83fe000 - 0xffbfe000   ( 120 MB)
[    0.000000]     lowmem  : 0xc0000000 - 0xf7bfe000   ( 891 MB)
[    0.000000]       .init : 0xc1b99000 - 0xc1c84000   ( 940 kB)
[    0.000000]       .data : 0xc17be50b - 0xc1b97b40   (3941 kB)
[    0.000000]       .text : 0xc1000000 - 0xc17be50b   (7929 kB)
[    0.000000] Checking if this processor honours the WP bit even in supervisor mode...Ok.
[    0.000000] SLUB: HWalign=64, Order=0-3, MinObjects=0, CPUs=2, Nodes=1
[    0.000000] Hierarchical RCU implementation.
[    0.000000] 	Build-time adjustment of leaf fanout to 32.
[    0.000000] 	RCU restricting CPUs from NR_CPUS=8 to nr_cpu_ids=2.
[    0.000000] RCU: Adjusting geometry for rcu_fanout_leaf=32, nr_cpu_ids=2
[    0.000000] NR_IRQS:2304 nr_irqs:440 16
[    0.000000] Console: colour VGA+ 80x25
[    0.000000] console [tty1] enabled
[    0.000000] console [ttyS0] enabled
[    0.000000] allocated 1048576 bytes of page_ext
[    0.000000] tsc: Detected 2899.998 MHz processor
[    2.275010] Calibrating delay loop (skipped) preset value.. 5799.99 BogoMIPS (lpj=11599992)
[    2.295519] pid_max: default: 32768 minimum: 301
[    2.300859] ACPI: Core revision 20150930
[    2.316838] ACPI: 2 ACPI AML tables successfully acquired and loaded
[    2.323762] Security Framework initialized
[    2.351156] Yama: becoming mindful.
[    2.384058] AppArmor: AppArmor initialized
[    2.392989] Mount-cache hash table entries: 2048 (order: 1, 8192 bytes)
[    2.402241] Mountpoint-cache hash table entries: 2048 (order: 1, 8192 bytes)
[    2.418562] Initializing cgroup subsys io
[    2.435900] Initializing cgroup subsys memory
[    2.438744] Initializing cgroup subsys devices
[    2.451096] Initializing cgroup subsys freezer
[    2.484148] Initializing cgroup subsys net_cls
[    2.500240] Initializing cgroup subsys perf_event
[    2.504096] Initializing cgroup subsys net_prio
[    2.505018] Initializing cgroup subsys hugetlb
[    2.520159] Initializing cgroup subsys pids
[    2.526785] CPU: Physical Processor ID: 0
[    2.527638] CPU: Processor Core ID: 0
[    2.532930] mce: CPU supports 0 MCE banks
[    2.536486] Last level iTLB entries: 4KB 64, 2MB 8, 4MB 8
[    2.537540] Last level dTLB entries: 4KB 64, 2MB 0, 4MB 0, 1GB 4
[    2.559376] Freeing SMP alternatives memory: 28K (c1c84000 - c1c8b000)
[    2.576147] ftrace: allocating 31398 entries in 62 pages
[    2.640724] smpboot: APIC(0) Converting physical 0 to logical package 0
[    2.650055] smpboot: Max logical packages: 1
[    2.676832] Enabling APIC mode:  Flat.  Using 1 I/O APICs
[    2.686723] ..TIMER: vector=0x30 apic1=0 pin1=2 apic2=-1 pin2=-1
[    2.827046] smpboot: CPU0: Intel(R) Core(TM) i5-5287U CPU @ 2.90GHz (family: 0x6, model: 0x3d, stepping: 0x4)
[    2.907732] Performance Events: unsupported p6 CPU model 61 no PMU driver, software events only.
[    3.006186] KVM setup paravirtual spinlock
[    3.036735] x86: Booting SMP configuration:
[    3.062960] .... node  #0, CPUs:      #1
[1266874886.284248] Initializing CPU#1
[    3.155285] kvm-clock: cpu 1, msr 0:37bfd041, secondary cpu clock
[    3.172524] mce: CPU supports 0 MCE banks
[    3.177559] x86: Booted up 1 node, 2 CPUs
[    3.212952] smpboot: Total of 2 processors activated (11599.99 BogoMIPS)
[    3.278001] devtmpfs: initialized
[    3.284740] evm: security.selinux
[    3.319863] evm: security.SMACK64
[    3.371896] evm: security.SMACK64EXEC
[    3.430374] evm: security.SMACK64TRANSMUTE
[    3.458117] evm: security.SMACK64MMAP
[    3.492234] evm: security.ima
[    3.524507] evm: security.capability
[    3.528094] clocksource: jiffies: mask: 0xffffffff max_cycles: 0xffffffff, max_idle_ns: 7645041785100000 ns
[    3.630467] futex hash table entries: 512 (order: 3, 32768 bytes)
[    3.690282] pinctrl core: initialized pinctrl subsystem
[    3.734542] RTC time: 23:07:51, date: 05/01/17
[    3.745396] NET: Registered protocol family 16
[    3.782653] EISA bus registered
[    3.839225] cpuidle: using governor ladder
[    3.887332] cpuidle: using governor menu
[    3.926153] PCCT header not found.
[    3.980134] ACPI: bus type PCI registered
[    4.018521] acpiphp: ACPI Hot Plug PCI Controller Driver version: 0.5
[    4.070304] PCI : PCI BIOS area is rw and x. Use pci=nobios if you want it NX.
[    4.146241] PCI: PCI BIOS revision 2.10 entry at 0xfda26, last bus=0
[    4.178059] PCI: Using configuration type 1 for base access
[    4.260578] ACPI: Added _OSI(Module Device)
[    4.307523] ACPI: Added _OSI(Processor Device)
[    4.366141] ACPI: Added _OSI(3.0 _SCP Extensions)
[    4.436975] ACPI: Added _OSI(Processor Aggregator Device)
[    4.473652] ACPI: Executed 1 blocks of module-level executable AML code
[    4.555398] ACPI: Interpreter enabled
[    4.619823] ACPI: (supports S0 S5)
[    4.666913] ACPI: Using IOAPIC for interrupt routing
[    4.728418] PCI: Using host bridge windows from ACPI; if necessary, use "pci=nocrs" and report a bug
[    4.792375] ACPI: PCI Root Bridge [PCI0] (domain 0000 [bus 00-ff])
[    4.847029] acpi PNP0A03:00: _OSC: OS supports [ASPM ClockPM Segments MSI]
[    4.940366] acpi PNP0A03:00: _OSC failed (AE_NOT_FOUND); disabling ASPM
[    4.988652] acpi PNP0A03:00: fail to add MMCONFIG information, can't access extended PCI configuration space under this bridge.
[    5.122545] PCI host bridge to bus 0000:00
[    5.151603] pci_bus 0000:00: root bus resource [io  0x0000-0x0cf7 window]
[    5.231348] pci_bus 0000:00: root bus resource [io  0x0d00-0xffff window]
[    5.275880] pci_bus 0000:00: root bus resource [mem 0x000a0000-0x000bffff window]
[    5.327769] pci_bus 0000:00: root bus resource [mem 0x40000000-0xffdfffff window]
[    5.378238] pci_bus 0000:00: root bus resource [bus 00-ff]
[    5.477539] pci 0000:00:01.1: legacy IDE quirk: reg 0x10: [io  0x01f0-0x01f7]
[    5.578686] pci 0000:00:01.1: legacy IDE quirk: reg 0x14: [io  0x03f6]
[    5.634989] pci 0000:00:01.1: legacy IDE quirk: reg 0x18: [io  0x0170-0x0177]
[    5.706637] pci 0000:00:01.1: legacy IDE quirk: reg 0x1c: [io  0x0376]
[    5.788661] pci 0000:00:07.0: quirk: [io  0x4000-0x403f] claimed by PIIX4 ACPI
[    5.819780] pci 0000:00:07.0: quirk: [io  0x4100-0x410f] claimed by PIIX4 SMB
[    5.838075] ACPI: PCI Interrupt Link [LNKA] (IRQs 5 9 10 *11)
[    5.858044] ACPI: PCI Interrupt Link [LNKB] (IRQs 5 9 10 *11)
[    5.884620] ACPI: PCI Interrupt Link [LNKC] (IRQs 5 9 *10 11)
[    5.895502] ACPI: PCI Interrupt Link [LNKD] (IRQs 5 *9 10 11)
[    5.897060] ACPI: Enabled 2 GPEs in block 00 to 07
[    5.904239] vgaarb: setting as boot device: PCI:0000:00:02.0
[    5.930010] vgaarb: device added: PCI:0000:00:02.0,decodes=io+mem,owns=io+mem,locks=none
[    5.941802] vgaarb: loaded
[    5.950889] vgaarb: bridge control possible 0000:00:02.0
[    5.960259] SCSI subsystem initialized
[    5.961191] ACPI: bus type USB registered
[    6.006226] usbcore: registered new interface driver usbfs
[    6.007963] usbcore: registered new interface driver hub
[    6.019173] usbcore: registered new device driver usb
[    6.043758] PCI: Using ACPI for IRQ routing
[    6.051387] NetLabel: Initializing
[    6.069779] NetLabel:  domain hash size = 128
[    6.087066] NetLabel:  protocols = UNLABELED CIPSOv4
[    6.117425] NetLabel:  unlabeled traffic allowed by default
[    6.157961] amd_nb: Cannot enumerate AMD northbridges
[    6.178222] clocksource: Switched to clocksource kvm-clock
[    6.209199] AppArmor: AppArmor Filesystem Enabled
[    6.224720] pnp: PnP ACPI init
[    6.242539] pnp: PnP ACPI: found 3 devices
[    6.285158] PnPBIOS: Disabled by ACPI PNP
[    6.348039] clocksource: acpi_pm: mask: 0xffffff max_cycles: 0xffffff, max_idle_ns: 2085701024 ns
[    6.394899] NET: Registered protocol family 2
[    6.401118] TCP established hash table entries: 8192 (order: 3, 32768 bytes)
[    6.410589] TCP bind hash table entries: 8192 (order: 4, 65536 bytes)
[    6.462899] TCP: Hash tables configured (established 8192 bind 8192)
[    6.551738] UDP hash table entries: 512 (order: 2, 16384 bytes)
[    6.663848] UDP-Lite hash table entries: 512 (order: 2, 16384 bytes)
[    6.709139] NET: Registered protocol family 1
[    6.802280] pci 0000:00:00.0: Limiting direct PCI/PCI transfers
[    6.893166] pci 0000:00:01.0: Activating ISA DMA hang workarounds
[    7.026987] Unpacking initramfs...
[    7.343773] Freeing initrd memory: 14628K (f635e000 - f71a7000)
[    7.391509] RAPL PMU detected, API unit is 2^-32 Joules, 4 fixed counters 10737418240 ms ovfl timer
[    7.469642] hw unit of domain pp0-core 2^-0 Joules
[    7.516070] hw unit of domain package 2^-0 Joules
[    7.561654] hw unit of domain dram 2^-0 Joules
[    7.604919] hw unit of domain pp1-gpu 2^-0 Joules
[    7.651381] platform rtc_cmos: registered platform RTC device (no PNP device found)
[    7.731921] Scanning for low memory corruption every 60 seconds
[    7.766150] audit: initializing netlink subsys (disabled)
[    7.811521] audit: type=2000 audit(1493680074.268:1): initialized
[    7.849297] Initialise system trusted keyring
[    7.932708] HugeTLB registered 2 MB page size, pre-allocated 0 pages
[    8.032227] zbud: loaded
[    8.056802] VFS: Disk quotas dquot_6.6.0
[    8.092689] VFS: Dquot-cache hash table entries: 1024 (order 0, 4096 bytes)
[    8.177562] squashfs: version 4.0 (2009/01/31) Phillip Lougher
[    8.311907] fuse init (API version 7.23)
[    8.379153] Key type big_key registered
[    8.465031] Allocating IMA MOK and blacklist keyrings.
[    8.560179] Key type asymmetric registered
[    8.591326] Asymmetric key parser 'x509' registered
[    8.608481] bounce: pool size: 64 pages
[    8.615022] Block layer SCSI generic (bsg) driver version 0.4 loaded (major 249)
[    8.699693] tsc: Refined TSC clocksource calibration: 2900.130 MHz
[    8.795051] clocksource: tsc: mask: 0xffffffffffffffff max_cycles: 0x29cdbdc67c7, max_idle_ns: 440795307022 ns
[    8.911547] io scheduler noop registered
[    8.942215] io scheduler deadline registered (default)
[    8.961364] io scheduler cfq registered
[    8.992411] pci_hotplug: PCI Hot Plug PCI Core version: 0.5
[    9.043882] pciehp: PCI Express Hot Plug Controller Driver version: 0.4
[    9.061336] ACPI: AC Adapter [AC] (off-line)
[    9.072700] input: Power Button as /devices/LNXSYSTM:00/LNXPWRBN:00/input/input0
[    9.087290] ACPI: Power Button [PWRF]
[    9.096863] input: Sleep Button as /devices/LNXSYSTM:00/LNXSLPBN:00/input/input1
[    9.106426] ACPI: Sleep Button [SLPF]
[    9.131298] ACPI: Battery Slot [BAT0] (battery present)
[    9.142079] GHES: HEST is not enabled!
[    9.143028] isapnp: Scanning for PnP cards...
[    9.143039] Serial: 8250/16550 driver, 32 ports, IRQ sharing enabled
[    9.223382] 00:02: ttyS0 at I/O 0x3f8 (irq = 4, base_baud = 115200) is a 16550A
[    9.285811] Linux agpgart interface v0.103
[    9.304688] loop: module loaded
[    9.308181] scsi host0: ata_piix
[    9.310772] scsi host1: ata_piix
[    9.311520] ata1: PATA max UDMA/33 cmd 0x1f0 ctl 0x3f6 bmdma 0xd000 irq 14
[    9.312786] ata2: PATA max UDMA/33 cmd 0x170 ctl 0x376 bmdma 0xd008 irq 15
[    9.314107] libphy: Fixed MDIO Bus: probed
[    9.314987] tun: Universal TUN/TAP device driver, 1.6
[    9.329221] tun: (C) 1999-2004 Max Krasnyansky <maxk@qualcomm.com>
[    9.331335] PPP generic driver version 2.4.2
[    9.332717] ehci_hcd: USB 2.0 'Enhanced' Host Controller (EHCI) Driver
[    9.364815] ehci-pci: EHCI PCI platform driver
[    9.366035] ehci-platform: EHCI generic platform driver
[    9.385027] ohci_hcd: USB 1.1 'Open' Host Controller (OHCI) Driver
[    9.395173] ohci-pci: OHCI PCI platform driver
[    9.402582] ohci-platform: OHCI generic platform driver
[    9.416470] uhci_hcd: USB Universal Host Controller Interface driver
[    9.424805] i8042: PNP: PS/2 Controller [PNP0303:PS2K,PNP0f03:PS2M] at 0x60,0x64 irq 1,12
[    9.439163] serio: i8042 KBD port at 0x60,0x64 irq 1
[    9.445666] serio: i8042 AUX port at 0x60,0x64 irq 12
[    9.446830] mousedev: PS/2 mouse device common for all mice
[    9.448155] input: AT Translated Set 2 keyboard as /devices/platform/i8042/serio0/input/input2
[    9.454025] rtc_cmos rtc_cmos: rtc core: registered rtc_cmos as rtc0
[    9.469181] rtc_cmos rtc_cmos: alarms up to one day, 114 bytes nvram
[    9.470644] i2c /dev entries driver
[    9.474842] device-mapper: uevent: version 1.0.3
[    9.477089] device-mapper: ioctl: 4.34.0-ioctl (2015-10-28) initialised: dm-devel@redhat.com
[    9.490159] platform eisa.0: Probing EISA bus 0
[    9.491210] platform eisa.0: EISA: Cannot allocate resource for mainboard
[    9.492483] platform eisa.0: Cannot allocate resource for EISA slot 1
[    9.493698] platform eisa.0: Cannot allocate resource for EISA slot 2
[    9.496935] platform eisa.0: Cannot allocate resource for EISA slot 3
[    9.498159] platform eisa.0: Cannot allocate resource for EISA slot 4
[    9.501863] platform eisa.0: Cannot allocate resource for EISA slot 5
[    9.506623] platform eisa.0: Cannot allocate resource for EISA slot 6
[    9.507840] platform eisa.0: Cannot allocate resource for EISA slot 7
[    9.509105] platform eisa.0: Cannot allocate resource for EISA slot 8
[    9.513643] platform eisa.0: EISA: Detected 0 cards
[    9.514688] cpufreq-nforce2: No nForce2 chipset.
[    9.527272] ledtrig-cpu: registered to indicate activity on CPUs
[    9.530926] NET: Registered protocol family 10
[    9.540295] NET: Registered protocol family 17
[    9.542440] Key type dns_resolver registered
[    9.574404] microcode: CPU0 sig=0x306d4, pf=0x40, revision=0x0
[    9.578126] microcode: CPU1 sig=0x306d4, pf=0x40, revision=0x0
[    9.619568] microcode: Microcode Update Driver: v2.01 <tigran@aivazian.fsnet.co.uk>, Peter Oruba
[    9.676123] isapnp: No Plug & Play device found
[    9.723821] Using IPI No-Shortcut mode
[    9.734930] registered taskstats version 1
[    9.765476] Loading compiled-in X.509 certificates
[    9.803071] Loaded X.509 cert 'Build time autogenerated kernel key: 07b96e98effcf92e436e5474864c4a8d42920bdd'
[    9.830092] zswap: loaded using pool lzo/zbud
[    9.859335] Key type trusted registered
[    9.889419] Key type encrypted registered
[    9.906266] AppArmor: AppArmor sha1 policy hashing enabled
[    9.907517] ima: No TPM chip found, activating TPM-bypass!
[    9.954356] evm: HMAC attrs: 0x1
[    9.970736]   Magic number: 1:573:149
[    9.985731] rtc_cmos rtc_cmos: setting system clock to 2017-05-01 23:07:57 UTC (1493680077)
[   10.010211] BIOS EDD facility v0.16 2004-Jun-25, 0 devices found
[   10.028380] EDD information not available.
[   10.045225] Freeing unused kernel memory: 940K (c1b99000 - c1c84000)
[   10.068385] Write protecting the kernel text: 7932k
[   10.084474] Write protecting the kernel read-only data: 3168k
[   10.086334] NX-protecting the kernel data: 6404k
Loading, please [   10.103755] random: systemd-udevd: uninitialized urandom read (16 bytes read, 0 bits of entropy available)
wait...
startin[   10.104450] random: udevadm: uninitialized urandom read (16 bytes read, 0 bits of entropy available)
g version 229
[   10.104498] random: udevadm: uninitialized urandom read (16 bytes read, 0 bits of entropy available)
[   10.104656] random: udevadm: uninitialized urandom read (16 bytes read, 0 bits of entropy available)
[   10.104713] random: udevadm: uninitialized urandom read (16 bytes read, 0 bits of entropy available)
[   10.104772] random: udevadm: uninitialized urandom read (16 bytes read, 0 bits of entropy available)
[   10.104835] random: udevadm: uninitialized urandom read (16 bytes read, 0 bits of entropy available)
[   10.104891] random: udevadm: uninitialized urandom read (16 bytes read, 0 bits of entropy available)
[   10.104945] random: udevadm: uninitialized urandom read (16 bytes read, 0 bits of entropy available)
[   10.105001] random: udevadm: uninitialized urandom read (16 bytes read, 0 bits of entropy available)
[   10.413509] Fusion MPT base driver 3.04.20
[   10.433233] Copyright (c) 1999-2008 LSI Corporation
[   10.543113] e1000: Intel(R) PRO/1000 Network Driver - version 7.3.21-k8-NAPI
[   10.576896] e1000: Copyright (c) 1999-2006 Intel Corporation.
[   10.626032] Fusion MPT SPI Host driver 3.04.20
[   10.791902] input: ImExPS/2 Generic Explorer Mouse as /devices/platform/i8042/serio1/input/input4
[   11.008808] e1000 0000:00:03.0 eth0: (PCI:33MHz:32-bit) 02:6e:88:da:90:9e
[   11.019257] e1000 0000:00:03.0 eth0: Intel(R) PRO/1000 Network Connection
[   11.045444] mptbase: ioc0: Initiating bringup
[   11.045908] e1000 0000:00:03.0 enp0s3: renamed from eth0
[   11.130914] ioc0: LSI53C1030 A0: Capabilities={Initiator}
[   11.328287] scsi host2: ioc0: LSI53C1030 A0, FwRev=00000000h, Ports=1, MaxQ=256, IRQ=20
[   11.463265] scsi 2:0:0:0: Direct-Access     VBOX     HARDDISK         1.0  PQ: 0 ANSI: 5
[   11.503661] scsi target2:0:0: Beginning Domain Validation
[   11.525639] scsi target2:0:0: Domain Validation skipping write tests
[   11.542539] scsi target2:0:0: Ending Domain Validation
[   11.559364] scsi target2:0:0: asynchronous
[   11.587709] scsi 2:0:1:0: Direct-Access     VBOX     HARDDISK         1.0  PQ: 0 ANSI: 5
[   11.624507] scsi target2:0:1: Beginning Domain Validation
[   11.650091] scsi target2:0:1: Domain Validation skipping write tests
[   11.709583] scsi target2:0:1: Ending Domain Validation
[   11.737095] scsi target2:0:1: asynchronous
[   11.760863] sd 2:0:0:0: [sda] 20971520 512-byte logical blocks: (10.7 GB/10.0 GiB)
[   11.767814] sd 2:0:0:0: Attached scsi generic sg0 type 0
[   11.786561] sd 2:0:0:0: [sda] Write Protect is off
[   11.803280] sd 2:0:0:0: [sda] Incomplete mode parameter data
[   11.803288] sd 2:0:1:0: [sdb] 20480 512-byte logical blocks: (10.5 MB/10.0 MiB)
[   11.803467] sd 2:0:1:0: Attached scsi generic sg1 type 0
[   11.871297] sd 2:0:0:0: [sda] Assuming drive cache: write through
[   11.974593] sd 2:0:1:0: [sdb] Write Protect is off
[   11.988028] sd 2:0:1:0: [sdb] Incomplete mode parameter data
[   11.995535] sd 2:0:1:0: [sdb] Assuming drive cache: write through
[   11.997048]  sda: sda1
[   12.011007] sd 2:0:0:0: [sda] Attached SCSI disk
[   12.043363] sd 2:0:1:0: [sdb] Attached SCSI disk
[   13.550362] floppy0: no floppy controllers found
Begin: Loading e[   14.960554] md: linear personality registered for level -1
ssential drivers ... [   15.049516] md: multipath personality registered for level -4
[   15.104843] md: raid0 personality registered for level 0
[   15.133412] md: raid1 personality registered for level 1
[   15.278419] raid6: mmxx1    gen()  5503 MB/s
[   15.374530] raid6: mmxx2    gen()  5611 MB/s
[   15.498325] raid6: sse1x1   gen()  4775 MB/s
[   15.582954] raid6: sse1x2   gen()  5634 MB/s
[   15.670501] raid6: sse2x1   gen()  9586 MB/s
[   15.798361] raid6: sse2x1   xor()  4542 MB/s
[   15.882475] raid6: sse2x2   gen() 11077 MB/s
[   15.986636] raid6: sse2x2   xor()  7107 MB/s
[   16.004936] raid6: using algorithm sse2x2 gen() 11077 MB/s
[   16.026955] raid6: .... xor() 7107 MB/s, rmw enabled
[   16.129498] raid6: using ssse3x1 recovery algorithm
[   16.173740] xor: automatically using best checksumming function:
[   16.298329]    avx       : 23075.000 MB/sec
[   16.354138] async_tx: api initialized (async)
[   16.414122] md: raid6 personality registered for level 6
[   16.463026] md: raid5 personality registered for level 5
[   16.519170] md: raid4 personality registered for level 4
[   16.608574] md: raid10 personality registered for level 10
done.
Begin: Running /scripts/init-premount ...[   16.716491] Btrfs loaded
 done.
Begin: Mounting root file system ... Begin: Running /scripts/local-top ... done.
Begin: Running /scripts/local-premount ... Scanning for Btrfs filesystems
done.
Warning: fsck no[   16.755280] EXT4-fs (sda1): mounted filesystem with ordered data mode. Opts: (null)
t present, so skipping root file system
done.
Begin: Running /scripts/local-bottom ... done.
Begin: Running /scripts/init-bottom ... done.
[   16.988849] systemd[1]: systemd 229 running in system mode. (+PAM +AUDIT +SELINUX +IMA +APPARMOR +SMACK +SYSVINIT +UTMP +LIBCRYPTSETUP +GCRYPT +GNUTLS +ACL +XZ -LZ4 +SECCOMP +BLKID +ELFUTILS +KMOD -IDN)
[   17.088729] systemd[1]: Detected virtualization oracle.
[   17.136834] systemd[1]: Detected architecture x86.

Welcome to [1mUbuntu 16.04.2 LTS[0m!

[   17.226934] systemd[1]: Set hostname to <ubuntu-xenial>.
[   17.490892] systemd[1]: Listening on Journal Socket.
[[0;32m  OK  [0m] Listening on Journal Socket.
[   17.624943] systemd[1]: Reached target Swap.
[[0;32m  OK  [0m] Reached target Swap.
[   17.658609] systemd[1]: Listening on Journal Socket (/dev/log).
[[0;32m  OK  [0m] Listening on Journal Socket (/dev/log).
[   17.713995] systemd[1]: Listening on Journal Audit Socket.
[[0;32m  OK  [0m] Listening on Journal Audit Socket.
[   17.786791] systemd[1]: Created slice System Slice.
[[0;32m  OK  [0m] Created slice System Slice.
[   17.858778] systemd[1]: Created slice system-postgresql.slice.
[[0;32m  OK  [0m] Created slice system-postgresql.slice.
[   17.973793] systemd[1]: Mounting Debug File System...
         Mounting Debug File System...
[   17.980880] systemd[1]: Listening on LVM2 metadata daemon socket.
[[0;32m  OK  [0m] Listening on LVM2 metadata daemon socket.
[   18.011167] systemd[1]: Created slice User and Session Slice.
[[0;32m  OK  [0m] Created slice User and Session Slice.
[   18.098900] systemd[1]: Reached target Slices.
[[0;32m  OK  [0m] Reached target Slices.
[   18.186677] systemd[1]: Listening on LVM2 poll daemon socket.
[[0;32m  OK  [0m] Listening on LVM2 poll daemon socket.
[   18.287106] systemd[1]: Starting Remount Root and Kernel File Systems...
[   18.292310] EXT4-fs (sda1): re-mounted. Opts: (null)
         Starting Remount Root and Kernel File Systems...
[   18.442301] random: nonblocking pool is initialized
[   18.478440] systemd[1]: Listening on udev Control Socket.
[[0;32m  OK  [0m] Listening on udev Control Socket.
[   18.606852] systemd[1]: Listening on udev Kernel Socket.
[[0;32m  OK  [0m] Listening on udev Kernel Socket.
[   18.747322] systemd[1]: Listening on Syslog Socket.
[[0;32m  OK  [0m] Listening on Syslog Socket.
[   18.841808] systemd[1]: Set up automount Arbitrary Executable File Formats File System Automount Point.
[[0;32m  OK  [0m] Set up automount Arbitrary Executab...ats File System Automount Point.
[   19.100401] systemd[1]: Listening on Device-mapper event daemon FIFOs.
[[0;32m  OK  [0m] Listening on Device-mapper event daemon FIFOs.
[   19.254691] systemd[1]: Starting Set console keymap...
         Starting Set console keymap...
[   19.338794] systemd[1]: Starting Nameserver information manager...
         Starting Nameserver information manager...
[   19.387006] systemd[1]: Listening on /dev/initctl Compatibility Named Pipe.
[[0;32m  OK  [0m] Listening on /dev/initctl Compatibility Named Pipe.
[   19.518505] systemd[1]: Starting Create list of required static device nodes for the current kernel...
         Starting Create list of required st... nodes for the current kernel...
[   19.576381] systemd[1]: Created slice system-serial\x2dgetty.slice.
[[0;32m  OK  [0m] Created slice system-serial\x2dgetty.slice.
[   19.614667] systemd[1]: Starting Monitoring of LVM2 mirrors, snapshots etc. using dmeventd or progress polling...
         Starting Monitoring of LVM2 mirrors... dmeventd or progress polling...
[   19.674363] systemd[1]: Started Forward Password Requests to Wall Directory Watch.
[[0;32m  OK  [0m] Started Forward Password Requests to Wall Directory Watch.
[   19.794651] systemd[1]: Reached target Encrypted Volumes.
[[0;32m  OK  [0m] Reached target Encrypted Volumes.
[   19.926613] systemd[1]: Starting Load Kernel Modules...
[   19.976814] Loading iSCSI transport class v2.0-870.
         Starting Load Kernel Mo[   19.999380] iscsi: registered transport (tcp)
dules...
[   20.094414] systemd[1]: Reached target User and Group Name Lookups.
[[0;32m  OK  [0m] Reached target User and Group Name Lookups.
[   20.192420] iscsi: registered transport (iser)
[   20.196204] systemd[1]: Starting Journal Service...
         Starting Journal Service...
[   20.226571] systemd[1]: Mounting Huge Pages File System...
         Mounting Huge Pages File System...
[   20.265121] systemd[1]: Mounting POSIX Message Queue File System...
         Mounting POSIX Message Queue File System...
[   20.322720] systemd[1]: Started Trigger resolvconf update for networkd DNS.
[[0;32m  OK  [0m] Started Trigger resolvconf update for networkd DNS.
[   20.398587] systemd[1]: Starting Uncomplicated firewall...
         Starting Uncomplicated firewall...
[   20.451203] systemd[1]: Mounted POSIX Message Queue File System.
[[0;32m  OK  [0m] Mounted POSIX Message Queue File System.
[   20.534178] systemd[1]: Mounted Huge Pages File System.
[[0;32m  OK  [0m] Mounted Huge Pages File System.
[   20.658721] systemd[1]: Mounted Debug File System.
[[0;32m  OK  [0m] Mounted Debug File System.
[   20.707211] systemd[1]: Started Journal Service.
[[0;32m  OK  [0m] Started Journal Service.
[[0;32m  OK  [0m] Started Remount Root and Kernel File Systems.
[[0;32m  OK  [0m] Started Set console keymap.
[[0;32m  OK  [0m] Started Create list of required sta...ce nodes for the current kernel.
[[0;32m  OK  [0m] Started Load Kernel Modules.
[[0;32m  OK  [0m] Started Uncomplicated firewall.
[[0;32m  OK  [0m] Started Nameserver information manager.
[[0;32m  OK  [0m] Started LVM2 metadata daemon.
         Starting Apply Kernel Variables...
         Mounting FUSE Control File System...
         Starting Create Static Device Nodes in /dev...
         Starting Load/Save Random Seed...
         Starting udev Coldplug all Devices...
         Starting Initial cloud-init job (pre-networking)...
         Starting Flush Journal to Persistent Storage...
[[0;32m  OK  [0m] Mounted FUSE Control File System.
[[0;32m  OK  [0m] Started Monitoring of LVM2 mirrors,...ng dmeventd or progress polling.
[[0;32m  OK  [0m] Started Apply Kernel Variables.
[[0;32m  OK  [0m] Started Create Static Device Nodes in /dev.
[[0;32m  OK  [0m] Started Load/Save Random Seed.
[[0;32m  OK  [0m] Started udev Coldplug all Devices.
[[0;32m  OK  [0m] Started Flush Journal to Persistent Storage.
         Starting udev Kernel Device Manager...
[[0;32m  OK  [0m] Started udev Kernel Device Manager.
[[0;32m  OK  [0m] Reached target Local File Systems (Pre).
[[0;32m  OK  [0m] Reached target Local File Systems.
         Starting Set console font and keymap...
         Starting Create Volatile Files and Directories...
         Starting Tell Plymouth To Write Out Runtime Data...
         Starting LSB: AppArmor initialization...
[[0;32m  OK  [0m] Started Dispatch Password Requests to Console Directory Watch.
[   17.376136] cloud-init[460]: Cloud-init v. 0.7.9 running 'init-local' at Mon, 01 May 2017 23:08:09 +0000. Up 16.77 seconds.
[[0;32m  OK  [0m] Started Create Volatile Files and Directories.
[[0;32m  OK  [0m] Started Tell Plymouth To Write Out Runtime Data.
[[0;32m  OK  [0m] Started Initial cloud-init job (pre-networking).
[[0;32m  OK  [0m] Started Set console font and keymap.
[[0;32m  OK  [0m] Found device /dev/ttyS0.
[[0;32m  OK  [0m] Listening on Load/Save RF Kill Switch Status /dev/rfkill Watch.
[[0;32m  OK  [0m] Created slice system-getty.slice.
[[0;32m  OK  [0m] Reached target Network (Pre).
[[0;32m  OK  [0m] Reached target System Time Synchronized.
         Starting Update UTMP about System Boot/Shutdown...
[[0;32m  OK  [0m] Started LSB: AppArmor initialization.
[[0;32m  OK  [0m] Started Update UTMP about System Boot/Shutdown.
[[0;32m  OK  [0m] Started ifup for enp0s3.
         Starting Raise network interfaces...
[[0;32m  OK  [0m] Started Raise network interfaces.
         Starting Initial cloud-init job (metadata service crawler)...
[[0;32m  OK  [0m] Reached target Network.
[   20.496735] cloud-init[974]: Cloud-init v. 0.7.9 running 'init' at Mon, 01 May 2017 23:08:13 +0000. Up 20.14 seconds.
[   20.588591] cloud-init[974]: ci-info: +++++++++++++++++++++++++++++++++++++Net device info++++++++++++++++++++++++++++++++++++++
[[0;32m  OK  [0m] Started Initial cloud-init job (metadata service crawler).
[   20.674949] cloud-init[974]: ci-info: +--------+------+----------------------------+---------------+-------+-------------------+
[   20.836667] cloud-init[974]: ci-info: | Device |  Up  |          Address           |      Mask     | Scope |     Hw-Address    |
[   20.924713] cloud-init[974]: ci-info: +--------+------+----------------------------+---------------+-------+-------------------+
[   21.016369] cloud-init[974]: ci-info: | enp0s3 | True |         10.0.2.15          | 255.255.255.0 |   .   | 02:6e:88:da:90:9e |
[   21.089040] cloud-init[974]: ci-info: | enp0s3 | True | fe80::6e:88ff:feda:909e/64 |       .       |  link | 02:6e:88:da:90:9e |
[   21.128459] cloud-init[974]: ci-info: |   lo   | True |         127.0.0.1          |   255.0.0.0   |   .   |         .         |
[   21.196674] cloud-init[974]: ci-info: |   lo   | True |          ::1/128           |       .       |  host |         .         |
[   21.280695] cloud-init[974]: ci-info: +--------+------+----------------------------+---------------+-------+-------------------+
[   21.344624] cloud-init[974]: ci-info: +++++++++++++++++++++++++++Route IPv4 info++++++++++++++++++++++++++++
[   21.440250] cloud-init[974]: ci-info: +-------+-------------+----------+---------------+-----------+-------+
[   21.440431] cloud-init[974]: ci-info: | Route | Destination | Gateway  |    Genmask    | Interface | Flags |
[   21.440730] cloud-init[974]: ci-info: +-------+-------------+----------+---------------+-----------+-------+
[   21.440818] cloud-init[974]: ci-info: |   0   |   0.0.0.0   | 10.0.2.2 |    0.0.0.0    |   enp0s3  |   UG  |
[   21.440879] cloud-init[974]: ci-info: |   1   |   10.0.2.0  | 0.0.0.0  | 255.255.255.0 |   enp0s3  |   U   |
[   21.440938] cloud-init[974]: ci-info: +-------+-------------+----------+---------------+-----------+-------+
[[0;32m  OK  [0m] Reached target Network is Online.
         Starting iSCSI initiator daemon (iscsid)...
[[0;32m  OK  [0m] Reached target System Initialization.
[[0;32m  OK  [0m] Listening on UUID daemon activation socket.
[[0;32m  OK  [0m] Started Daily apt activities.
[[0;32m  OK  [0m] Listening on ACPID Listen Socket.
[[0;32m  OK  [0m] Started Daily Cleanup of Temporary Directories.
         Starting Socket activation for snappy daemon.
[[0;32m  OK  [0m] Started Timer to automatically refresh installed snaps.
[[0;32m  OK  [0m] Reached target Timers.
[[0;32m  OK  [0m] Started ACPI Events Check.
[[0;32m  OK  [0m] Reached target Paths.
         Starting LXD - unix socket.
[[0;32m  OK  [0m] Listening on D-Bus System Message Bus Socket.
[[0;32m  OK  [0m] Reached target Cloud-config availability.
[[0;32m  OK  [0m] Listening on Socket activation for snappy daemon.
[[0;32m  OK  [0m] Listening on LXD - unix socket.
[[0;32m  OK  [0m] Started iSCSI initiator daemon (iscsid).
         Starting Login to default iSCSI targets...
[[0;32m  OK  [0m] Reached target Sockets.
[[0;32m  OK  [0m] Reached target Basic System.
         Starting Apply the settings specified in cloud-config...
         Starting PostgreSQL Cluster 9.5-main...
         Starting LSB: MD monitoring daemon...
[[0;32m  OK  [0m] Started D-Bus System Message Bus.
         Starting LSB: Record successful boot for GRUB...
[[0;32m  OK  [0m] Started FUSE filesystem for LXC.
         Starting OpenBSD Secure Shell server...
         Starting LXD - container startup/shutdown...
         Starting /etc/rc.local Compatibility...
         Starting Accounts Service...
[[0;32m  OK  [0m] Started ACPI event daemon.
         Starting System Logging Service...
[[0;32m  OK  [0m] Started Regular background program processing daemon.
         Starting Login Service...
[[0;32m  OK  [0m] Started Deferred execution scheduler.
[[0;32m  OK  [0m] Started Snappy daemon.
         Starting Auto import assertions from block devices...
[[0;32m  OK  [0m] Started System Logging Service.
[[0;32m  OK  [0m] Started OpenBSD Secure Shell server.
[[0;32m  OK  [0m] Started /etc/rc.local Compatibility.
[[0;32m  OK  [0m] Started LXD - container startup/shutdown.
[[0;32m  OK  [0m] Started Auto import assertions from block devices.
[[0;32m  OK  [0m] Started LSB: MD monitoring daemon.
[[0;32m  OK  [0m] Started Login to default iSCSI targets.
[[0;32m  OK  [0m] Started LSB: Record successful boot for GRUB.
[[0;32m  OK  [0m] Started Login Service.
         Starting Authenticate and Authorize Users to Run Privileged Tasks...
[[0;32m  OK  [0m] Reached target Remote File Systems (Pre).
[[0;32m  OK  [0m] Reached target Remote File Systems.
         Starting LSB: VirtualBox Linux Additions...
         Starting LSB: automatic crash report generation...
         Starting LSB: Set the CPU Frequency Scaling governor to "ondemand"...
         Starting Permit User Sessions...
         Starting LSB: daemon to balance interrupts for SMP systems...
         Starting LSB: Start/stop sysstat's sadc...
[[0;32m  OK  [0m] Started Permit User Sessions.
[[0;32m  OK  [0m] Started Authenticate and Authorize Users to Run Privileged Tasks.
[[0;32m  OK  [0m] Started Accounts Service.
[[0;32m  OK  [0m] Started LSB: Set the CPU Frequency Scaling governor to "ondemand".
[[0;32m  OK  [0m] Started LSB: automatic crash report generation.
[[0;32m  OK  [0m] Created slice User Slice of ubuntu.
         Starting User Manager for UID 1000...
[[0;32m  OK  [0m] Started Session 1 of user ubuntu.
         Starting Terminate Plymouth Boot Screen...
         Starting Hold until boot process finishes up...
[[0;32m  OK  [0m] Started User Manager for UID 1000.
[[0;32m  OK  [0m] Started LSB: VirtualBox Linux Additions.
[[0;32m  OK  [0m] Started LSB: daemon to balance interrupts for SMP systems.
[[0;32m  OK  [0m] Started LSB: Start/stop sysstat's sadc.
[[0;32m  OK  [0m] Started Terminate Plymouth Boot Screen.
[[0;32m  OK  [0m] Started Hold until boot process finishes up.
[   24.435464] cloud-init[1033]: Cloud-init v. 0.7.9 running 'modules:config' at Mon, 01 May 2017 23:08:17 +0000. Up 23.99 seconds.
[[0;32m  OK  [0m] Started Getty on tty1.
         Starting Set console scheme...
[[0;32m  OK  [0m] Started Serial Getty on ttyS0.
[[0;32m  OK  [0m] Reached target Login Prompts.
[[0;32m  OK  [0m] Started Apply the settings specified in cloud-config.
[[0;32m  OK  [0m] Started Set console scheme.
[[0;32m  OK  [0m] Started PostgreSQL Cluster 9.5-main.
         Starting PostgreSQL RDBMS...
[[0;32m  OK  [0m] Started PostgreSQL RDBMS.
[[0;32m  OK  [0m] Reached target Multi-User System.
[[0;32m  OK  [0m] Reached target Graphical Interface.
         Starting Execute cloud user/final scripts...
         Starting Update UTMP about System Runlevel Changes...
[[0;32m  OK  [0m] Started Update UTMP about System Runlevel Changes.
[   26.715677] cloud-init[1318]: Cloud-init v. 0.7.9 running 'modules:final' at Mon, 01 May 2017 23:08:19 +0000. Up 26.39 seconds.
[   26.731200] cloud-init[1318]: Cloud-init v. 0.7.9 finished at Mon, 01 May 2017 23:08:19 +0000. Datasource DataSourceNoCloud [seed=/dev/sdb][dsmode=net].  Up 26.70 seconds
[[0;32m  OK  [0m] Started Execute cloud user/final scripts.
[[0;32m  OK  [0m] Reached target Cloud-init target.

Ubuntu 16.04.2 LTS ubuntu-xenial ttyS0

ubuntu-xenial login: 